<?xml version='1.0' encoding='UTF-8'?>
<testsuite hostname="stelioss-mbp" name="PieceSpec" tests="14" errors="0" failures="0" skipped="0" time="0.037" timestamp="2020-10-01T20:06:45">
                     <properties>
[...]
</properties>
                     <testcase classname="PieceSpec" name="validatePieceMove King should generate validate on correct movement of king" time="0.025">
                                                 
                                               </testcase><testcase classname="PieceSpec" name="validatePieceMove King should generate invalidate on wrong movement of king" time="0.002">
                                                 
                                               </testcase><testcase classname="PieceSpec" name="validatePieceMove Bishop should generate validate on correct movement of bishop" time="0.001">
                                                 
                                               </testcase><testcase classname="PieceSpec" name="validatePieceMove Bishop should generate invalid on wrong movement of bishop" time="0.0">
                                                 
                                               </testcase><testcase classname="PieceSpec" name="validatePieceMove Rock should generate validate on correct movement of rock" time="0.0">
                                                 
                                               </testcase><testcase classname="PieceSpec" name="validatePieceMove Rock should generate invalid on wrong movement of rock" time="0.001">
                                                 
                                               </testcase><testcase classname="PieceSpec" name="validatePieceMove Knight should generate validate correct movement of knight" time="0.001">
                                                 
                                               </testcase><testcase classname="PieceSpec" name="validatePieceMove Knight should generate invalid on wrong movement of knight" time="0.001">
                                                 
                                               </testcase><testcase classname="PieceSpec" name="validatePieceMove Queen should generate validate on correct movement of queen" time="0.001">
                                                 
                                               </testcase><testcase classname="PieceSpec" name="validatePieceMove Queen should generate invalid on wrong movement of queen" time="0.001">
                                                 
                                               </testcase><testcase classname="PieceSpec" name="validatePieceMove Pawn should generate validate on correct movement of pawn" time="0.0">
                                                 
                                               </testcase><testcase classname="PieceSpec" name="validatePieceMove Pawn should generate invalid on wrong movement of pawn" time="0.0">
                                                 
                                               </testcase><testcase classname="PieceSpec" name="validateNoObstacleOnMove should generate valid positions on correct position" time="0.002">
                                                 
                                               </testcase><testcase classname="PieceSpec" name="validateNoObstacleOnMove should generate invalid positions on wrong position" time="0.002">
                                                 
                                               </testcase>
                     <system-out><![CDATA[]]></system-out>
                     <system-err><![CDATA[]]></system-err>
                   </testsuite>